<?xml version="1.0" encoding="UTF-8"?>
<testng-results ignored="0" total="3" passed="3" failed="0" skipped="0">
  <reporter-output>
  </reporter-output>
  <suite started-at="2025-04-18T15:49:07 WAT" name="Test Suite" finished-at="2025-04-18T15:51:33 WAT" duration-ms="146279">
    <groups>
    </groups>
    <test started-at="2025-04-18T15:49:07 WAT" name="ChromeTest" finished-at="2025-04-18T15:49:54 WAT" duration-ms="47968">
      <class name="Test_Ng.CrossBrowserScript">
        <test-method is-config="true" signature="TestParameterWithXml(java.lang.String)[pri:0, instance:Test_Ng.CrossBrowserScript@682b2fa]" started-at="2025-04-18T15:49:07 WAT" name="TestParameterWithXml" finished-at="2025-04-18T15:49:14 WAT" duration-ms="7093" status="PASS">
          <params>
            <param index="0">
              <value>
                <![CDATA[chrome]]>
              </value>
            </param>
          </params>
          <reporter-output>
          </reporter-output>
        </test-method> <!-- TestParameterWithXml -->
        <test-method signature="TestFreeCrmLogin()[pri:0, instance:Test_Ng.CrossBrowserScript@682b2fa]" started-at="2025-04-18T15:49:14 WAT" name="TestFreeCrmLogin" finished-at="2025-04-18T15:49:54 WAT" duration-ms="40442" status="PASS">
          <reporter-output>
          </reporter-output>
        </test-method> <!-- TestFreeCrmLogin -->
      </class> <!-- Test_Ng.CrossBrowserScript -->
    </test> <!-- ChromeTest -->
    <test started-at="2025-04-18T15:49:07 WAT" name="FirefoxTest" finished-at="2025-04-18T15:50:58 WAT" duration-ms="111757">
      <class name="Test_Ng.CrossBrowserScript">
        <test-method is-config="true" signature="TestParameterWithXml(java.lang.String)[pri:0, instance:Test_Ng.CrossBrowserScript@59474f18]" started-at="2025-04-18T15:49:07 WAT" name="TestParameterWithXml" finished-at="2025-04-18T15:49:41 WAT" duration-ms="34798" status="PASS">
          <params>
            <param index="0">
              <value>
                <![CDATA[firefox]]>
              </value>
            </param>
          </params>
          <reporter-output>
          </reporter-output>
        </test-method> <!-- TestParameterWithXml -->
        <test-method signature="TestFreeCrmLogin()[pri:0, instance:Test_Ng.CrossBrowserScript@59474f18]" started-at="2025-04-18T15:49:41 WAT" name="TestFreeCrmLogin" finished-at="2025-04-18T15:50:58 WAT" duration-ms="76901" status="PASS">
          <reporter-output>
          </reporter-output>
        </test-method> <!-- TestFreeCrmLogin -->
      </class> <!-- Test_Ng.CrossBrowserScript -->
    </test> <!-- FirefoxTest -->
    <test started-at="2025-04-18T15:49:58 WAT" name="EdgeTest" finished-at="2025-04-18T15:51:33 WAT" duration-ms="95036">
      <class name="Test_Ng.CrossBrowserScript">
        <test-method is-config="true" signature="TestParameterWithXml(java.lang.String)[pri:0, instance:Test_Ng.CrossBrowserScript@7dcf94f8]" started-at="2025-04-18T15:49:58 WAT" name="TestParameterWithXml" finished-at="2025-04-18T15:50:56 WAT" duration-ms="58724" status="PASS">
          <params>
            <param index="0">
              <value>
                <![CDATA[edge]]>
              </value>
            </param>
          </params>
          <reporter-output>
          </reporter-output>
        </test-method> <!-- TestParameterWithXml -->
        <test-method signature="TestFreeCrmLogin()[pri:0, instance:Test_Ng.CrossBrowserScript@7dcf94f8]" started-at="2025-04-18T15:50:56 WAT" name="TestFreeCrmLogin" finished-at="2025-04-18T15:51:33 WAT" duration-ms="36297" status="PASS">
          <reporter-output>
          </reporter-output>
        </test-method> <!-- TestFreeCrmLogin -->
      </class> <!-- Test_Ng.CrossBrowserScript -->
    </test> <!-- EdgeTest -->
  </suite> <!-- Test Suite -->
</testng-results>
